0 info it worked if it ends with ok
1 verbose cli [ '/usr/local/bin/node', '/usr/local/bin/npm', 'install' ]
2 info using npm@1.2.25
3 info using node@v0.11.3
4 verbose read json /home/RED/danido/restMock/src/package.json
5 warn package.json restMock@1.0.0 No repository field.
6 warn package.json restMock@1.0.0 No readme data.
7 verbose readDependencies using package.json deps
8 verbose install where, deps [ '/home/RED/danido/restMock/src',
8 verbose install   [ 'express', 'body-parser', 'jsonschema', 'orderly', 'cors' ] ]
9 verbose from cache /home/RED/danido/restMock/src/package.json
10 info preinstall restMock@1.0.0
11 verbose read json /home/RED/danido/restMock/src/node_modules/body-parser/package.json
12 verbose read json /home/RED/danido/restMock/src/node_modules/express/package.json
13 verbose read json /home/RED/danido/restMock/src/node_modules/fs/package.json
14 verbose read json /home/RED/danido/restMock/src/node_modules/http/package.json
15 verbose read json /home/RED/danido/restMock/src/node_modules/jsonschema/package.json
16 verbose read json /home/RED/danido/restMock/src/node_modules/orderly/package.json
17 warn package.json fs@0.0.2 No repository field.
18 warn package.json fs@0.0.2 No readme data.
19 warn package.json http@0.0.0 No repository field.
20 warn package.json http@0.0.0 No readme data.
21 verbose from cache /home/RED/danido/restMock/src/package.json
22 verbose readDependencies using package.json deps
23 verbose from cache /home/RED/danido/restMock/src/node_modules/body-parser/package.json
24 verbose from cache /home/RED/danido/restMock/src/node_modules/express/package.json
25 verbose from cache /home/RED/danido/restMock/src/node_modules/fs/package.json
26 verbose from cache /home/RED/danido/restMock/src/node_modules/http/package.json
27 verbose from cache /home/RED/danido/restMock/src/node_modules/jsonschema/package.json
28 verbose from cache /home/RED/danido/restMock/src/node_modules/orderly/package.json
29 verbose already installed skipping express@* /home/RED/danido/restMock/src
30 verbose already installed skipping body-parser@* /home/RED/danido/restMock/src
31 verbose already installed skipping jsonschema@* /home/RED/danido/restMock/src
32 verbose already installed skipping orderly@* /home/RED/danido/restMock/src
33 verbose cache add [ 'cors@*', null ]
34 verbose cache add name=undefined spec="cors@*" args=["cors@*",null]
35 verbose parsed url { protocol: null,
35 verbose parsed url   slashes: null,
35 verbose parsed url   auth: null,
35 verbose parsed url   host: null,
35 verbose parsed url   port: null,
35 verbose parsed url   hostname: null,
35 verbose parsed url   hash: null,
35 verbose parsed url   search: null,
35 verbose parsed url   query: null,
35 verbose parsed url   pathname: 'cors@*',
35 verbose parsed url   path: 'cors@*',
35 verbose parsed url   href: 'cors@*' }
36 verbose cache add name="cors" spec="*" args=["cors","*"]
37 verbose parsed url { protocol: null,
37 verbose parsed url   slashes: null,
37 verbose parsed url   auth: null,
37 verbose parsed url   host: null,
37 verbose parsed url   port: null,
37 verbose parsed url   hostname: null,
37 verbose parsed url   hash: null,
37 verbose parsed url   search: null,
37 verbose parsed url   query: null,
37 verbose parsed url   pathname: '*',
37 verbose parsed url   path: '*',
37 verbose parsed url   href: '*' }
38 verbose addNamed [ 'cors', '*' ]
39 verbose addNamed [ null, '' ]
40 silly lockFile 25e847dc-cors cors@*
41 verbose lock cors@* /home/RED/danido/.npm/25e847dc-cors.lock
42 silly addNameRange { name: 'cors', range: '', hasData: false }
43 verbose url raw cors
44 verbose url resolving [ 'https://registry.npmjs.org/', './cors' ]
45 verbose url resolved https://registry.npmjs.org/cors
46 info trying registry request attempt 1 at 12:32:49
47 http GET https://registry.npmjs.org/cors
48 http 200 https://registry.npmjs.org/cors
49 silly registry.get cb [ 200,
49 silly registry.get   { date: 'Thu, 27 Nov 2014 11:32:50 GMT',
49 silly registry.get     server: 'CouchDB/1.5.0 (Erlang OTP/R16B03)',
49 silly registry.get     etag: '"65DIKFCW3EVS44337RPP989CF"',
49 silly registry.get     'content-type': 'application/json',
49 silly registry.get     'cache-control': 'max-age=60',
49 silly registry.get     'content-length': '38677',
49 silly registry.get     'accept-ranges': 'bytes',
49 silly registry.get     via: '1.1 varnish',
49 silly registry.get     age: '0',
49 silly registry.get     'x-served-by': 'cache-lcy1132-LCY',
49 silly registry.get     'x-cache': 'HIT',
49 silly registry.get     'x-cache-hits': '1',
49 silly registry.get     'x-timer': 'S1417087970.523591,VS0,VE82',
49 silly registry.get     vary: 'Accept',
49 silly registry.get     'keep-alive': 'timeout=10, max=50',
49 silly registry.get     connection: 'Keep-Alive' } ]
50 silly addNameRange number 2 { name: 'cors', range: '', hasData: true }
51 silly addNameRange versions [ 'cors',
51 silly addNameRange   [ '0.0.1',
51 silly addNameRange     '0.0.2',
51 silly addNameRange     '0.0.3',
51 silly addNameRange     '0.0.4',
51 silly addNameRange     '0.0.5',
51 silly addNameRange     '0.1.0',
51 silly addNameRange     '0.1.1',
51 silly addNameRange     '1.0.0',
51 silly addNameRange     '1.0.1',
51 silly addNameRange     '2.0.0',
51 silly addNameRange     '2.1.0',
51 silly addNameRange     '2.1.1',
51 silly addNameRange     '2.2.0',
51 silly addNameRange     '2.3.0',
51 silly addNameRange     '2.3.1',
51 silly addNameRange     '2.3.2',
51 silly addNameRange     '2.4.0',
51 silly addNameRange     '2.4.1',
51 silly addNameRange     '2.4.2',
51 silly addNameRange     '2.5.0',
51 silly addNameRange     '2.5.1',
51 silly addNameRange     '2.5.2' ] ]
52 verbose addNamed [ 'cors', '2.5.2' ]
53 verbose addNamed [ '2.5.2', '2.5.2' ]
54 silly lockFile 9f972fc4-cors-2-5-2 cors@2.5.2
55 verbose lock cors@2.5.2 /home/RED/danido/.npm/9f972fc4-cors-2-5-2.lock
56 silly lockFile 5f357988-ry-npmjs-org-cors-cors-2-5-2-tgz https://registry.npmjs.org/cors/-/cors-2.5.2.tgz
57 verbose lock https://registry.npmjs.org/cors/-/cors-2.5.2.tgz /home/RED/danido/.npm/5f357988-ry-npmjs-org-cors-cors-2-5-2-tgz.lock
58 verbose addRemoteTarball [ 'https://registry.npmjs.org/cors/-/cors-2.5.2.tgz',
58 verbose addRemoteTarball   '00d5c0d1ced95001c998fa66b52c4ef931e6f8b7' ]
59 info retry fetch attempt 1 at 12:32:49
60 verbose fetch to= /home/RED/danido/tmp/npm-11973/1417087969801-0.40922024147585034/tmp.tgz
61 http GET https://registry.npmjs.org/cors/-/cors-2.5.2.tgz
62 http 200 https://registry.npmjs.org/cors/-/cors-2.5.2.tgz
63 verbose tar unpack /home/RED/danido/tmp/npm-11973/1417087969801-0.40922024147585034/tmp.tgz
64 silly lockFile a2a76e8e-9801-0-40922024147585034-package /home/RED/danido/tmp/npm-11973/1417087969801-0.40922024147585034/package
65 verbose lock /home/RED/danido/tmp/npm-11973/1417087969801-0.40922024147585034/package /home/RED/danido/.npm/a2a76e8e-9801-0-40922024147585034-package.lock
66 silly lockFile a6756b02-9801-0-40922024147585034-tmp-tgz /home/RED/danido/tmp/npm-11973/1417087969801-0.40922024147585034/tmp.tgz
67 verbose lock /home/RED/danido/tmp/npm-11973/1417087969801-0.40922024147585034/tmp.tgz /home/RED/danido/.npm/a6756b02-9801-0-40922024147585034-tmp-tgz.lock
68 silly gunzTarPerm modes [ '755', '644' ]
69 silly gunzTarPerm extractEntry package.json
70 silly gunzTarPerm extractEntry .npmignore
71 silly gunzTarPerm extractEntry README.md
72 silly gunzTarPerm extractEntry LICENSE
73 silly gunzTarPerm extractEntry .travis.yml
74 silly gunzTarPerm extractEntry CONTRIBUTING.md
75 silly gunzTarPerm extractEntry lib/index.js
76 silly gunzTarPerm extractEntry test/basic-auth.js
77 silly gunzTarPerm extractEntry test/body-events.js
78 silly gunzTarPerm extractEntry test/cors.js
79 silly gunzTarPerm extractEntry test/error-response.js
80 silly gunzTarPerm extractEntry test/example-app.js
81 silly gunzTarPerm extractEntry test/issue-2.js
82 silly gunzTarPerm extractEntry test/issue-31.js
83 silly gunzTarPerm extractEntry test/mocha.opts
84 verbose read json /home/RED/danido/tmp/npm-11973/1417087969801-0.40922024147585034/package/package.json
85 silly lockFile a2a76e8e-9801-0-40922024147585034-package /home/RED/danido/tmp/npm-11973/1417087969801-0.40922024147585034/package
86 silly lockFile a2a76e8e-9801-0-40922024147585034-package /home/RED/danido/tmp/npm-11973/1417087969801-0.40922024147585034/package
87 silly lockFile a6756b02-9801-0-40922024147585034-tmp-tgz /home/RED/danido/tmp/npm-11973/1417087969801-0.40922024147585034/tmp.tgz
88 silly lockFile a6756b02-9801-0-40922024147585034-tmp-tgz /home/RED/danido/tmp/npm-11973/1417087969801-0.40922024147585034/tmp.tgz
89 verbose from cache /home/RED/danido/tmp/npm-11973/1417087969801-0.40922024147585034/package/package.json
90 verbose tar pack [ '/home/RED/danido/.npm/cors/2.5.2/package.tgz',
90 verbose tar pack   '/home/RED/danido/tmp/npm-11973/1417087969801-0.40922024147585034/package' ]
91 verbose tarball /home/RED/danido/.npm/cors/2.5.2/package.tgz
92 verbose folder /home/RED/danido/tmp/npm-11973/1417087969801-0.40922024147585034/package
93 silly lockFile a2a76e8e-9801-0-40922024147585034-package /home/RED/danido/tmp/npm-11973/1417087969801-0.40922024147585034/package
94 verbose lock /home/RED/danido/tmp/npm-11973/1417087969801-0.40922024147585034/package /home/RED/danido/.npm/a2a76e8e-9801-0-40922024147585034-package.lock
95 silly lockFile 4ca14a48-anido-npm-cors-2-5-2-package-tgz /home/RED/danido/.npm/cors/2.5.2/package.tgz
96 verbose lock /home/RED/danido/.npm/cors/2.5.2/package.tgz /home/RED/danido/.npm/4ca14a48-anido-npm-cors-2-5-2-package-tgz.lock
97 silly lockFile a2a76e8e-9801-0-40922024147585034-package /home/RED/danido/tmp/npm-11973/1417087969801-0.40922024147585034/package
98 silly lockFile a2a76e8e-9801-0-40922024147585034-package /home/RED/danido/tmp/npm-11973/1417087969801-0.40922024147585034/package
99 silly lockFile 4ca14a48-anido-npm-cors-2-5-2-package-tgz /home/RED/danido/.npm/cors/2.5.2/package.tgz
100 silly lockFile 4ca14a48-anido-npm-cors-2-5-2-package-tgz /home/RED/danido/.npm/cors/2.5.2/package.tgz
101 silly lockFile f928d5dc-ED-danido-npm-cors-2-5-2-package /home/RED/danido/.npm/cors/2.5.2/package
102 verbose lock /home/RED/danido/.npm/cors/2.5.2/package /home/RED/danido/.npm/f928d5dc-ED-danido-npm-cors-2-5-2-package.lock
103 silly lockFile f928d5dc-ED-danido-npm-cors-2-5-2-package /home/RED/danido/.npm/cors/2.5.2/package
104 silly lockFile f928d5dc-ED-danido-npm-cors-2-5-2-package /home/RED/danido/.npm/cors/2.5.2/package
105 verbose tar unpack /home/RED/danido/.npm/cors/2.5.2/package.tgz
106 silly lockFile f928d5dc-ED-danido-npm-cors-2-5-2-package /home/RED/danido/.npm/cors/2.5.2/package
107 verbose lock /home/RED/danido/.npm/cors/2.5.2/package /home/RED/danido/.npm/f928d5dc-ED-danido-npm-cors-2-5-2-package.lock
108 silly lockFile 4ca14a48-anido-npm-cors-2-5-2-package-tgz /home/RED/danido/.npm/cors/2.5.2/package.tgz
109 verbose lock /home/RED/danido/.npm/cors/2.5.2/package.tgz /home/RED/danido/.npm/4ca14a48-anido-npm-cors-2-5-2-package-tgz.lock
110 silly gunzTarPerm modes [ '755', '644' ]
111 silly gunzTarPerm extractEntry package.json
112 silly gunzTarPerm extractEntry .npmignore
113 silly gunzTarPerm extractEntry README.md
114 silly gunzTarPerm extractEntry LICENSE
115 silly gunzTarPerm extractEntry .travis.yml
116 silly gunzTarPerm extractEntry CONTRIBUTING.md
117 silly gunzTarPerm extractEntry lib/index.js
118 silly gunzTarPerm extractEntry test/basic-auth.js
119 silly gunzTarPerm extractEntry test/body-events.js
120 silly gunzTarPerm extractEntry test/cors.js
121 silly gunzTarPerm extractEntry test/error-response.js
122 silly gunzTarPerm extractEntry test/example-app.js
123 silly gunzTarPerm extractEntry test/issue-2.js
124 silly gunzTarPerm extractEntry test/issue-31.js
125 silly gunzTarPerm extractEntry test/mocha.opts
126 verbose read json /home/RED/danido/.npm/cors/2.5.2/package/package.json
127 silly lockFile f928d5dc-ED-danido-npm-cors-2-5-2-package /home/RED/danido/.npm/cors/2.5.2/package
128 silly lockFile f928d5dc-ED-danido-npm-cors-2-5-2-package /home/RED/danido/.npm/cors/2.5.2/package
129 silly lockFile 4ca14a48-anido-npm-cors-2-5-2-package-tgz /home/RED/danido/.npm/cors/2.5.2/package.tgz
130 silly lockFile 4ca14a48-anido-npm-cors-2-5-2-package-tgz /home/RED/danido/.npm/cors/2.5.2/package.tgz
131 verbose from cache /home/RED/danido/.npm/cors/2.5.2/package/package.json
132 verbose chmod /home/RED/danido/.npm/cors/2.5.2/package.tgz 644
133 verbose chown /home/RED/danido/.npm/cors/2.5.2/package.tgz [ 2155, 2108 ]
134 silly lockFile 5f357988-ry-npmjs-org-cors-cors-2-5-2-tgz https://registry.npmjs.org/cors/-/cors-2.5.2.tgz
135 silly lockFile 5f357988-ry-npmjs-org-cors-cors-2-5-2-tgz https://registry.npmjs.org/cors/-/cors-2.5.2.tgz
136 silly lockFile 9f972fc4-cors-2-5-2 cors@2.5.2
137 silly lockFile 9f972fc4-cors-2-5-2 cors@2.5.2
138 silly lockFile 25e847dc-cors cors@*
139 silly lockFile 25e847dc-cors cors@*
140 silly resolved [ { name: 'cors',
140 silly resolved     version: '2.5.2',
140 silly resolved     author:
140 silly resolved      { name: 'Troy Goode',
140 silly resolved        email: 'troygoode@gmail.com',
140 silly resolved        url: 'https://github.com/troygoode/' },
140 silly resolved     description: 'middleware for dynamically or statically enabling CORS in express/connect applications',
140 silly resolved     keywords: [ 'cors', 'express', 'connect', 'middleware' ],
140 silly resolved     homepage: 'https://github.com/troygoode/node-cors/',
140 silly resolved     repository: { type: 'git', url: 'git://github.com/troygoode/node-cors.git' },
140 silly resolved     contributors: [ [Object] ],
140 silly resolved     licenses: [ [Object] ],
140 silly resolved     bugs: { url: 'https://github.com/troygoode/node-cors/issues' },
140 silly resolved     main: './lib/index.js',
140 silly resolved     engines: { node: '>=0.10.0' },
140 silly resolved     dependencies: { vary: '^1' },
140 silly resolved     devDependencies:
140 silly resolved      { 'basic-auth-connect': '^1',
140 silly resolved        'body-parser': '^1.4.3',
140 silly resolved        express: '^4',
140 silly resolved        lint: '^1.1.2',
140 silly resolved        mocha: '^1.18.2',
140 silly resolved        should: '^3.3.1',
140 silly resolved        supertest: '^0.12' },
140 silly resolved     scripts:
140 silly resolved      { test: './node_modules/mocha/bin/mocha',
140 silly resolved        lint: './node_modules/lint/bin/node-lint lib test' },
140 silly resolved     readme: '# `cors`\n\nCORS is a node.js package for providing a [Connect](http://www.senchalabs.org/connect/)/[Express](http://expressjs.com/) middleware that can be used to enable [CORS](http://en.wikipedia.org/wiki/Cross-origin_resource_sharing) with various options.\n\n**[Follow me (@troygoode) on Twitter!](https://twitter.com/intent/user?screen_name=troygoode)**\n\n[![NPM](https://nodei.co/npm/cors.png?downloads=true&stars=true)](https://nodei.co/npm/cors/)\n\n[![build status](https://secure.travis-ci.org/troygoode/node-cors.png)](http://travis-ci.org/troygoode/node-cors)\n* [Installation](#installation)\n* [Usage](#usage)\n  * [Simple Usage](#simple-usage-enable-all-cors-requests)\n  * [Enable CORS for a Single Route](#enable-cors-for-a-single-route)\n  * [Configuring CORS](#configuring-cors)\n  * [Configuring CORS Asynchronously](#configuring-cors-asynchronously)\n  * [Enabling CORS Pre-Flight](#enabling-cors-pre-flight)\n* [Configuration Options](#configuration-options)\n* [Demo](#demo)\n* [License](#license)\n* [Author](#author)\n\n## Installation (via [npm](https://npmjs.org/package/cors))\n\n```bash\n$ npm install cors\n```\n\n## Usage\n\n### Simple Usage (Enable *All* CORS Requests)\n\n```javascript\nvar express = require(\'express\')\n  , cors = require(\'cors\')\n  , app = express();\n\napp.use(cors());\n\napp.get(\'/products/:id\', function(req, res, next){\n  res.json({msg: \'This is CORS-enabled for all origins!\'});\n});\n\napp.listen(80, function(){\n  console.log(\'CORS-enabled web server listening on port 80\');\n});\n```\n\n### Enable CORS for a Single Route\n\n```javascript\nvar express = require(\'express\')\n  , cors = require(\'cors\')\n  , app = express();\n\napp.get(\'/products/:id\', cors(), function(req, res, next){\n  res.json({msg: \'This is CORS-enabled for all origins!\'});\n});\n\napp.listen(80, function(){\n  console.log(\'CORS-enabled web server listening on port 80\');\n});\n```\n\n### Configuring CORS\n\n```javascript\nvar express = require(\'express\')\n  , cors = require(\'cors\')\n  , app = express();\n\nvar corsOptions = {\n  origin: \'http://example.com\'\n};\n\napp.get(\'/products/:id\', cors(corsOptions), function(req, res, next){\n  res.json({msg: \'This is CORS-enabled for only example.com.\'});\n});\n\napp.listen(80, function(){\n  console.log(\'CORS-enabled web server listening on port 80\');\n});\n```\n\n### Configuring CORS w/ Dynamic Origin\n\n```javascript\nvar express = require(\'express\')\n  , cors = require(\'cors\')\n  , app = express();\n\nvar whitelist = [\'http://example1.com\', \'http://example2.com\'];\nvar corsOptions = {\n  origin: function(origin, callback){\n    var originIsWhitelisted = whitelist.indexOf(origin) !== -1;\n    callback(null, originIsWhitelisted);\n  }\n};\n\napp.get(\'/products/:id\', cors(corsOptions), function(req, res, next){\n  res.json({msg: \'This is CORS-enabled for a whitelisted domain.\'});\n});\n\napp.listen(80, function(){\n  console.log(\'CORS-enabled web server listening on port 80\');\n});\n```\n\n### Enabling CORS Pre-Flight\n\nCertain CORS requests are considered \'complex\' and require an initial\n`OPTIONS` request (called the "pre-flight request"). An example of a\n\'complex\' CORS request is one that uses an HTTP verb other than\nGET/HEAD/POST (such as DELETE) or that uses custom headers. To enable\npre-flighting, you must add a new OPTIONS handler for the route you want\nto support:\n\n```javascript\nvar express = require(\'express\')\n  , cors = require(\'cors\')\n  , app = express();\n\napp.options(\'/products/:id\', cors()); // enable pre-flight request for DELETE request\napp.del(\'/products/:id\', cors(), function(req, res, next){\n  res.json({msg: \'This is CORS-enabled for all origins!\'});\n});\n\napp.listen(80, function(){\n  console.log(\'CORS-enabled web server listening on port 80\');\n});\n```\n\nYou can also enable pre-flight across-the-board like so:\n\n```\napp.options(\'*\', cors()); // include before other routes\n```\n\n### Configuring CORS Asynchronously\n\n```javascript\nvar express = require(\'express\')\n  , cors = require(\'cors\')\n  , app = express();\n\nvar whitelist = [\'http://example1.com\', \'http://example2.com\'];\nvar corsOptionsDelegate = function(req, callback){\n  var corsOptions;\n  if(whitelist.indexOf(req.header(\'Origin\')) !== -1){\n    corsOptions = { origin: true }; // reflect (enable) the requested origin in the CORS response\n  }else{\n    corsOptions = { origin: false }; // disable CORS for this request\n  }\n  callback(null, corsOptions); // callback expects two parameters: error and options\n};\n\napp.get(\'/products/:id\', cors(corsOptionsDelegate), function(req, res, next){\n  res.json({msg: \'This is CORS-enabled for a whitelisted domain.\'});\n});\n\napp.listen(80, function(){\n  console.log(\'CORS-enabled web server listening on port 80\');\n});\n```\n\n## Configuration Options\n\n* `origin`: Configures the **Access-Control-Allow-Origin** CORS header. Expects a string (ex: "http://example.com"). Set to `true` to reflect the [request origin](http://tools.ietf.org/html/draft-abarth-origin-09), as defined by `req.header(\'Origin\')`. Set to `false` to disable CORS. Can also be set to a function, which takes the request origin as the first parameter and a callback (which expects the signature `err [object], allow [bool]`) as the second.\n* `methods`: Configures the **Access-Control-Allow-Methods** CORS header. Expects a comma-delimited string (ex: \'GET,PUT,POST\') or an array (ex: `[\'GET\', \'PUT\', \'POST\']`).\n* `allowedHeaders`: Configures the **Access-Control-Allow-Headers** CORS header. Expects a comma-delimited string (ex: \'Content-Type,Authorization\') or an array (ex: `[\'Content-Type\', \'Authorization]`). If not specified, defaults to reflecting the headers specified in the request\'s **Access-Control-Request-Headers** header.\n* `exposedHeaders`: Configures the **Access-Control-Expose-Headers** CORS header. Expects a comma-delimited string (ex: \'Content-Range,X-Content-Range\') or an array (ex: `[\'Content-Range\', \'X-Content-Range]`). If not specified, no custom headers are exposed.\n* `credentials`: Configures the **Access-Control-Allow-Credentials** CORS header. Set to `true` to pass the header, otherwise it is omitted.\n* `maxAge`: Configures the **Access-Control-Allow-Max-Age** CORS header. Set to an integer to pass the header, otherwise it is omitted.\n\nFor details on the effect of each CORS header, [read this article on HTML5 Rocks](http://www.html5rocks.com/en/tutorials/cors/).\n\n## Demo\n\nA demo that illustrates CORS working (and not working) using jQuery is available here: [http://node-cors-client.herokuapp.com/](http://node-cors-client.herokuapp.com/)\n\nCode for that demo can be found here:\n\n* Client: [https://github.com/TroyGoode/node-cors-client](https://github.com/TroyGoode/node-cors-client)\n* Server: [https://github.com/TroyGoode/node-cors-server](https://github.com/TroyGoode/node-cors-server)\n\n## License\n\n[MIT License](http://www.opensource.org/licenses/mit-license.php)\n\n## Author\n\n[Troy Goode](https://github.com/TroyGoode) ([troygoode@gmail.com](mailto:troygoode@gmail.com))\n',
140 silly resolved     readmeFilename: 'README.md',
140 silly resolved     _id: 'cors@2.5.2',
140 silly resolved     dist: { shasum: 'caf329134ae8f1c0c03b0f50a70bd526497e6b71' },
140 silly resolved     _from: 'cors@*',
140 silly resolved     _resolved: 'https://registry.npmjs.org/cors/-/cors-2.5.2.tgz' } ]
141 info install cors@2.5.2 into /home/RED/danido/restMock/src
142 info installOne cors@2.5.2
143 verbose from cache /home/RED/danido/.npm/cors/2.5.2/package/package.json
144 info /home/RED/danido/restMock/src/node_modules/cors unbuild
145 verbose read json /home/RED/danido/restMock/src/node_modules/cors/package.json
146 verbose tar unpack /home/RED/danido/.npm/cors/2.5.2/package.tgz
147 silly lockFile 6fdaa45a-o-restMock-src-node-modules-cors /home/RED/danido/restMock/src/node_modules/cors
148 verbose lock /home/RED/danido/restMock/src/node_modules/cors /home/RED/danido/.npm/6fdaa45a-o-restMock-src-node-modules-cors.lock
149 silly lockFile 4ca14a48-anido-npm-cors-2-5-2-package-tgz /home/RED/danido/.npm/cors/2.5.2/package.tgz
150 verbose lock /home/RED/danido/.npm/cors/2.5.2/package.tgz /home/RED/danido/.npm/4ca14a48-anido-npm-cors-2-5-2-package-tgz.lock
151 silly gunzTarPerm modes [ '755', '644' ]
152 silly gunzTarPerm extractEntry package.json
153 silly gunzTarPerm extractEntry .npmignore
154 silly gunzTarPerm extractEntry README.md
155 silly gunzTarPerm extractEntry LICENSE
156 silly gunzTarPerm extractEntry .travis.yml
157 silly gunzTarPerm extractEntry CONTRIBUTING.md
158 silly gunzTarPerm extractEntry lib/index.js
159 silly gunzTarPerm extractEntry test/basic-auth.js
160 silly gunzTarPerm extractEntry test/body-events.js
161 silly gunzTarPerm extractEntry test/cors.js
162 silly gunzTarPerm extractEntry test/error-response.js
163 silly gunzTarPerm extractEntry test/example-app.js
164 silly gunzTarPerm extractEntry test/issue-2.js
165 silly gunzTarPerm extractEntry test/issue-31.js
166 silly gunzTarPerm extractEntry test/mocha.opts
167 verbose read json /home/RED/danido/restMock/src/node_modules/cors/package.json
168 silly lockFile 6fdaa45a-o-restMock-src-node-modules-cors /home/RED/danido/restMock/src/node_modules/cors
169 silly lockFile 6fdaa45a-o-restMock-src-node-modules-cors /home/RED/danido/restMock/src/node_modules/cors
170 silly lockFile 4ca14a48-anido-npm-cors-2-5-2-package-tgz /home/RED/danido/.npm/cors/2.5.2/package.tgz
171 silly lockFile 4ca14a48-anido-npm-cors-2-5-2-package-tgz /home/RED/danido/.npm/cors/2.5.2/package.tgz
172 info preinstall cors@2.5.2
173 verbose from cache /home/RED/danido/restMock/src/node_modules/cors/package.json
174 verbose readDependencies using package.json deps
175 verbose from cache /home/RED/danido/restMock/src/node_modules/cors/package.json
176 verbose readDependencies using package.json deps
177 verbose cache add [ 'vary@^1', null ]
178 verbose cache add name=undefined spec="vary@^1" args=["vary@^1",null]
179 verbose parsed url { protocol: null,
179 verbose parsed url   slashes: null,
179 verbose parsed url   auth: null,
179 verbose parsed url   host: null,
179 verbose parsed url   port: null,
179 verbose parsed url   hostname: null,
179 verbose parsed url   hash: null,
179 verbose parsed url   search: null,
179 verbose parsed url   query: null,
179 verbose parsed url   pathname: 'vary@%5E1',
179 verbose parsed url   path: 'vary@%5E1',
179 verbose parsed url   href: 'vary@%5E1' }
180 verbose cache add name="vary" spec="^1" args=["vary","^1"]
181 verbose parsed url { protocol: null,
181 verbose parsed url   slashes: null,
181 verbose parsed url   auth: null,
181 verbose parsed url   host: null,
181 verbose parsed url   port: null,
181 verbose parsed url   hostname: null,
181 verbose parsed url   hash: null,
181 verbose parsed url   search: null,
181 verbose parsed url   query: null,
181 verbose parsed url   pathname: '%5E1',
181 verbose parsed url   path: '%5E1',
181 verbose parsed url   href: '%5E1' }
182 verbose addNamed [ 'vary', '^1' ]
183 verbose addNamed [ null, null ]
184 silly lockFile 78aa9a33-vary-1 vary@^1
185 verbose lock vary@^1 /home/RED/danido/.npm/78aa9a33-vary-1.lock
186 info addNameTag [ 'vary', '^1' ]
187 verbose url raw vary
188 verbose url resolving [ 'https://registry.npmjs.org/', './vary' ]
189 verbose url resolved https://registry.npmjs.org/vary
190 info trying registry request attempt 1 at 12:32:50
191 http GET https://registry.npmjs.org/vary
192 http 200 https://registry.npmjs.org/vary
193 silly registry.get cb [ 200,
193 silly registry.get   { date: 'Thu, 27 Nov 2014 11:32:51 GMT',
193 silly registry.get     server: 'CouchDB/1.5.0 (Erlang OTP/R16B03)',
193 silly registry.get     etag: '"3CXNWGEHTF2JIEQ5PMX5M2JW5"',
193 silly registry.get     'content-type': 'application/json',
193 silly registry.get     'cache-control': 'max-age=60',
193 silly registry.get     'content-length': '6562',
193 silly registry.get     'accept-ranges': 'bytes',
193 silly registry.get     via: '1.1 varnish',
193 silly registry.get     age: '58',
193 silly registry.get     'x-served-by': 'cache-lcy1133-LCY',
193 silly registry.get     'x-cache': 'HIT',
193 silly registry.get     'x-cache-hits': '2',
193 silly registry.get     'x-timer': 'S1417087971.514500,VS0,VE1',
193 silly registry.get     vary: 'Accept',
193 silly registry.get     'keep-alive': 'timeout=10, max=50',
193 silly registry.get     connection: 'Keep-Alive' } ]
194 silly lockFile 78aa9a33-vary-1 vary@^1
195 silly lockFile 78aa9a33-vary-1 vary@^1
196 verbose about to build /home/RED/danido/restMock/src/node_modules/cors
197 info /home/RED/danido/restMock/src/node_modules/cors unbuild
198 verbose from cache /home/RED/danido/restMock/src/node_modules/cors/package.json
199 info preuninstall cors@2.5.2
200 info uninstall cors@2.5.2
201 verbose true,/home/RED/danido/restMock/src/node_modules,/home/RED/danido/restMock/src/node_modules unbuild cors@2.5.2
202 info postuninstall cors@2.5.2
203 error Error: No compatible version found: vary@'^1'
203 error Valid install targets:
203 error ["0.0.0","0.1.0","1.0.0"]
203 error     at installTargetsError (/usr/local/lib/node_modules/npm/lib/cache.js:709:10)
203 error     at /usr/local/lib/node_modules/npm/lib/cache.js:631:10
203 error     at saved (/usr/local/lib/node_modules/npm/node_modules/npm-registry-client/lib/get.js:138:7)
203 error     at Object.oncomplete (fs.js:94:15)
204 error If you need help, you may report this log at:
204 error     <http://github.com/isaacs/npm/issues>
204 error or email it to:
204 error     <npm-@googlegroups.com>
205 error System Linux 3.13.0-39-generic
206 error command "/usr/local/bin/node" "/usr/local/bin/npm" "install"
207 error cwd /home/RED/danido/restMock/src
208 error node -v v0.11.3
209 error npm -v 1.2.25
210 verbose exit [ 1, true ]
